<?xml version="1.0" encoding="UTF-8"?>
<testng-results ignored="0" total="1" passed="1" failed="0" skipped="0">
  <reporter-output>
  </reporter-output>
  <suite started-at="2021-08-15T19:08:35 IST" name="Default suite" finished-at="2021-08-15T19:08:37 IST" duration-ms="2589">
    <groups>
    </groups>
    <test started-at="2021-08-15T19:08:35 IST" name="Default test" finished-at="2021-08-15T19:08:37 IST" duration-ms="2589">
      <class name="test.jsonschemavalidation">
        <test-method signature="get()[pri:0, instance:test.jsonschemavalidation@1cbbffcd]" started-at="2021-08-15T19:08:35 IST" name="get" finished-at="2021-08-15T19:08:37 IST" duration-ms="2537" status="PASS">
          <reporter-output>
          </reporter-output>
        </test-method> <!-- get -->
      </class> <!-- test.jsonschemavalidation -->
    </test> <!-- Default test -->
  </suite> <!-- Default suite -->
</testng-results>
